<?xml version="1.0" encoding="UTF-8"?>
<!-- Generated by org.testng.reporters.JUnitReportReporter -->
<testsuite hostname="Sumitha" failures="0" tests="1" name="campaigns.CreateCampaign" time="49.516" errors="0" timestamp="2025-06-30T07:12:18 IST" skipped="0">
  <testcase classname="campaigns.CreateCampaign" name="createCampaign" time="49.516"/>
</testsuite> <!-- campaigns.CreateCampaign -->
