<?xml version="1.0" encoding="UTF-8"?>
<!-- Generated by org.testng.reporters.JUnitReportReporter -->
<testsuite hostname="Sumitha" failures="0" tests="3" name="TestNG_Practice.DataProviderEx2" time="93.937" errors="0" timestamp="2025-06-28T09:21:12 IST" skipped="0">
  <testcase classname="TestNG_Practice.DataProviderEx2" name="createContact" time="32.351"/>
  <testcase classname="TestNG_Practice.DataProviderEx2" name="createContact" time="30.189"/>
  <testcase classname="TestNG_Practice.DataProviderEx2" name="createContact" time="31.397"/>
</testsuite> <!-- TestNG_Practice.DataProviderEx2 -->
