<?xml version="1.0" encoding="UTF-8"?>
<!-- Generated by org.testng.reporters.JUnitReportReporter -->
<testsuite hostname="Sumitha" failures="0" tests="1" name="campaigns.CreateCampaignTest" time="40.157" errors="0" timestamp="2025-07-08T08:49:52 IST" skipped="0">
  <testcase classname="campaigns.CreateCampaignTest" name="createCampaignTest" time="40.157"/>
</testsuite> <!-- campaigns.CreateCampaignTest -->
