<?xml version="1.0" encoding="UTF-8"?>
<!-- Generated by org.testng.reporters.JUnitReportReporter -->
<testsuite hostname="Sumitha" failures="0" tests="3" name="TestNG_Practice.DataProviderEx1" time="0.014" errors="0" timestamp="2025-06-28T07:45:04 IST" skipped="0">
  <testcase classname="TestNG_Practice.DataProviderEx1" name="bookTickets" time="0.011"/>
  <testcase classname="TestNG_Practice.DataProviderEx1" name="bookTickets" time="0.002"/>
  <testcase classname="TestNG_Practice.DataProviderEx1" name="bookTickets" time="0.001"/>
</testsuite> <!-- TestNG_Practice.DataProviderEx1 -->
