<?xml version="1.0" encoding="UTF-8"?>
<!-- Generated by org.testng.reporters.JUnitReportReporter -->
<testsuite hostname="Sumitha" failures="0" tests="1" name="contact.CreateContactTest" time="32.894" errors="0" timestamp="2025-07-08T21:55:04 IST" skipped="0">
  <testcase classname="contact.CreateContactTest" name="createContactTest" time="32.894"/>
</testsuite> <!-- contact.CreateContactTest -->
