<?xml version="1.0" encoding="UTF-8"?>
<!-- Generated by org.testng.reporters.JUnitReportReporter -->
<testsuite hostname="Sumitha" failures="0" tests="1" name="campaigns.CreateCampaignsWithProduct" time="68.483" errors="0" timestamp="2025-06-30T07:13:48 IST" skipped="0">
  <testcase classname="campaigns.CreateCampaignsWithProduct" name="createCampaignsWithProduct" time="68.483"/>
</testsuite> <!-- campaigns.CreateCampaignsWithProduct -->
