<?xml version="1.0" encoding="UTF-8"?>
<!-- Generated by org.testng.reporters.JUnitReportReporter -->
<testsuite hostname="Sumitha" failures="0" tests="1" name="organization.CreateOrganizationTest" time="34.481" errors="0" timestamp="2025-07-08T21:18:14 IST" skipped="0">
  <testcase classname="organization.CreateOrganizationTest" name="createOrganizationTest" time="34.481"/>
</testsuite> <!-- organization.CreateOrganizationTest -->
