<?xml version="1.0" encoding="UTF-8"?>
<!-- Generated by org.testng.reporters.JUnitReportReporter -->
<testsuite hostname="Sumitha" failures="0" tests="1" name="campaigns.CreateCampaignsWithProductTest" time="53.470" errors="0" timestamp="2025-07-08T08:56:19 IST" skipped="0">
  <testcase classname="campaigns.CreateCampaignsWithProductTest" name="createCampaignsWithProductTest" time="53.470"/>
</testsuite> <!-- campaigns.CreateCampaignsWithProductTest -->
