<?xml version="1.0" encoding="UTF-8"?>
<!-- Generated by org.testng.reporters.JUnitReportReporter -->
<testsuite hostname="Sumitha" failures="0" tests="1" name="product.CreateProductTest" time="26.737" errors="0" timestamp="2025-07-08T21:23:46 IST" skipped="0">
  <testcase classname="product.CreateProductTest" name="createProductTest" time="26.737"/>
</testsuite> <!-- product.CreateProductTest -->
