<?xml version="1.0" encoding="UTF-8"?>
<!-- Generated by org.testng.reporters.JUnitReportReporter -->
<testsuite hostname="Sumitha" failures="0" tests="2" name="TestNG_Practice.SampleTest" time="0.016" errors="0" timestamp="2025-06-28T07:36:22 IST" skipped="0">
  <testcase classname="TestNG_Practice.SampleTest" name="deleteProduct" time="0.003"/>
  <testcase classname="TestNG_Practice.SampleTest" name="modifyProduct" time="0.013"/>
</testsuite> <!-- TestNG_Practice.SampleTest -->
